SF:lib/models/task_model.dart
DA:6,1
DA:8,2
DA:9,2
DA:10,4
DA:11,6
DA:12,6
DA:15,4
DA:16,4
DA:19,1
DA:20,1
DA:21,1
DA:22,6
DA:24,2
DA:25,2
DA:37,2
DA:39,2
DA:40,4
DA:41,4
DA:42,4
DA:43,4
DA:44,4
DA:47,1
DA:48,1
DA:49,2
DA:50,2
DA:51,2
DA:52,2
DA:53,2
LF:28
LH:28
end_of_record
SF:lib/models/task_request_body.dart
DA:8,4
LF:1
LH:1
end_of_record
SF:lib/services/task_service.dart
DA:8,3
DA:9,8
DA:13,3
DA:15,9
DA:16,3
DA:17,3
DA:18,3
DA:19,3
DA:20,3
DA:22,2
DA:23,2
DA:25,0
LF:12
LH:11
end_of_record
SF:lib/ui/task_management_page.dart
DA:9,4
DA:11,2
DA:12,2
DA:17,2
DA:19,2
DA:22,2
DA:23,6
DA:26,2
DA:28,2
DA:29,2
DA:31,2
DA:33,2
DA:34,2
DA:35,2
DA:37,2
DA:38,2
DA:45,2
DA:47,2
DA:49,2
DA:57,2
DA:59,2
DA:60,6
DA:61,6
DA:62,6
LF:24
LH:24
end_of_record
SF:lib/bloc/task_bloc.dart
DA:12,6
DA:13,4
DA:14,4
DA:17,2
DA:22,6
DA:23,6
DA:26,4
DA:27,2
DA:28,4
DA:29,4
DA:30,4
DA:31,4
DA:32,4
DA:35,0
DA:36,0
DA:38,0
DA:39,0
DA:40,0
DA:41,0
DA:42,0
DA:44,0
DA:45,0
DA:47,0
DA:50,0
DA:51,0
DA:54,4
DA:55,2
DA:56,2
LF:28
LH:16
end_of_record
SF:lib/bloc/task_event.dart
DA:8,3
LF:1
LH:1
end_of_record
SF:lib/bloc/task_state.dart
DA:8,4
DA:16,3
DA:17,3
DA:18,3
DA:25,3
DA:26,3
DA:27,3
DA:28,3
DA:29,3
DA:34,1
DA:43,3
DA:44,3
DA:45,3
DA:46,3
DA:47,3
LF:15
LH:15
end_of_record
SF:lib/ui/widgets/task_item_list_widget.dart
DA:19,6
DA:21,3
DA:22,3
DA:33,3
DA:35,9
DA:36,3
DA:37,11
DA:38,3
DA:39,9
DA:43,3
DA:44,3
DA:45,3
DA:46,3
DA:49,6
DA:51,9
DA:54,0
DA:55,0
DA:56,0
DA:57,0
DA:58,0
DA:59,0
DA:63,3
DA:65,3
DA:66,3
DA:67,3
DA:68,3
DA:69,1
DA:70,3
DA:71,3
DA:72,3
DA:73,1
DA:80,1
DA:86,3
DA:87,3
DA:100,1
DA:101,2
DA:102,1
DA:103,5
DA:105,1
DA:107,1
DA:109,1
DA:110,2
DA:111,1
DA:112,1
DA:119,4
DA:121,3
DA:122,1
DA:123,1
DA:125,1
DA:128,4
DA:129,1
DA:130,1
DA:132,1
DA:133,1
DA:134,2
DA:136,0
DA:137,0
DA:138,0
DA:139,0
DA:142,1
DA:149,1
DA:151,1
DA:153,1
DA:154,1
DA:156,1
DA:158,1
DA:164,1
DA:165,1
DA:171,1
DA:172,1
DA:174,1
DA:175,1
DA:176,1
DA:179,1
DA:180,1
LF:75
LH:65
end_of_record
SF:lib/utils/date_helper.dart
DA:3,1
DA:4,1
DA:7,1
DA:8,1
DA:9,1
DA:10,1
DA:15,1
DA:16,3
DA:17,3
DA:18,3
LF:10
LH:10
end_of_record
SF:lib/ui/passcode_page.dart
DA:10,2
DA:12,1
DA:13,1
DA:20,1
DA:21,2
DA:22,2
DA:24,1
DA:27,0
DA:28,0
DA:29,0
DA:30,0
DA:31,0
DA:36,1
DA:37,3
DA:38,3
DA:39,3
DA:40,1
DA:41,2
DA:42,2
DA:46,6
DA:47,1
DA:48,1
DA:52,1
DA:53,1
DA:62,1
DA:63,1
DA:65,2
DA:66,3
DA:67,2
DA:70,1
DA:76,1
DA:77,1
DA:81,1
DA:83,1
DA:86,1
DA:88,1
DA:90,1
DA:96,1
DA:98,1
DA:99,1
DA:100,1
DA:101,1
DA:112,1
DA:113,1
DA:114,1
DA:116,1
DA:119,2
DA:120,2
DA:121,1
DA:122,2
DA:123,1
DA:124,3
DA:125,1
DA:126,0
DA:127,3
DA:128,2
DA:131,1
DA:132,3
DA:133,1
DA:134,1
DA:136,1
DA:138,1
DA:140,1
DA:141,1
DA:142,1
LF:65
LH:59
end_of_record
